This file contains any messages produced by compilers while
running configure, to aid debugging if configure makes a mistake.

It was created by configure, which was
generated by GNU Autoconf 2.57.  Invocation command line was

  $ ./configure 

## --------- ##
## Platform. ##
## --------- ##

hostname = RIC326282
uname -m = x86_64
uname -r = 5.15.123.1-microsoft-standard-WSL2
uname -s = Linux
uname -v = #1 SMP Mon Aug 7 19:01:48 UTC 2023

/usr/bin/uname -p = x86_64
/bin/uname -X     = unknown

/bin/arch              = x86_64
/usr/bin/arch -k       = unknown
/usr/convex/getsysinfo = unknown
hostinfo               = unknown
/bin/machine           = unknown
/usr/bin/oslevel       = unknown
/bin/universe          = unknown

PATH: /usr/local/valgrind-1.0.4/bin
PATH: /usr/local/insight-5.3/bin
PATH: /usr/local/gcc-2.95.3/bin
PATH: /home/antonio/svn_wa/branches/LegoPST2010A_RHE6_64/Alg_legopc/tcltktix/bin
PATH: .
PATH: /home/antonio/svn_wa/branches/LegoPST2010A_RHE6_64/legocad/bin
PATH: /home/antonio/.local/bin
PATH: /home/antonio/bin
PATH: /home/antonio/anaconda3/condabin
PATH: /home/antonio/.cargo/bin
PATH: /usr/local/sbin
PATH: /usr/local/bin
PATH: /usr/sbin
PATH: /usr/bin
PATH: /sbin
PATH: /bin
PATH: /usr/games
PATH: /usr/local/games
PATH: /usr/lib/wsl/lib
PATH: /mnt/c/Program Files/WindowsApps/CanonicalGroupLimited.Ubuntu20.04LTS_2004.6.16.0_x64__79rhkp1fndgsc
PATH: /mnt/c/TwinCAT/Common64
PATH: /mnt/c/TwinCAT/Common32
PATH: /mnt/c/Program Files (x86)/Common Files/Oracle/Java/javapath
PATH: /mnt/c/WINDOWS/system32
PATH: /mnt/c/WINDOWS
PATH: /mnt/c/WINDOWS/System32/Wbem
PATH: /mnt/c/WINDOWS/System32/WindowsPowerShell/v1.0/
PATH: /mnt/c/WINDOWS/System32/OpenSSH/
PATH: /mnt/c/Program Files/dotnet/
PATH: /mnt/c/Program Files/MATLAB/R2023a/bin
PATH: /mnt/c/Program Files/MATLAB/R2022b/bin
PATH: /mnt/c/Program Files/Git/cmd
PATH: /mnt/c/Program Files/nodejs/
PATH: /mnt/c/Program Files/TortoiseGit/bin
PATH: /mnt/c/Users/Guagliardi/AppData/Local/Microsoft/WindowsApps
PATH: /mnt/c/Program Files/Calibre2/
PATH: /mnt/c/Program Files (x86)/IVI Foundation/VISA/WinNT/Bin/
PATH: /mnt/c/Program Files/IVI Foundation/VISA/Win64/Bin/
PATH: /mnt/c/Program Files (x86)/IVI Foundation/VISA/WinNT/Bin
PATH: /mnt/c/Users/Guagliardi/AppData/Local/Programs/Python/Python311/Scripts/
PATH: /mnt/c/Users/Guagliardi/AppData/Local/Programs/Python/Python311/
PATH: /mnt/c/Program Files (x86)/tclfortran/fortran/bin
PATH: /mnt/c/Disco_D/legopc/bin/Util
PATH: /mnt/c/Disco_D/legopc/bin/LegoSim
PATH: /mnt/c/Users/Guagliardi/AppData/Roaming/npm
PATH: /mnt/c/Users/Guagliardi/AppData/Local/Programs/Microsoft VS Code/bin
PATH: /snap/bin
PATH: /home/antonio/legocad/libut_bin
PATH: /usr/local/bin/
PATH: /home/antonio/svn_wa/branches/LegoPST2010A_RHE6_64/legocad/lego_big/bin
PATH: /home/antonio/svn_wa/branches/LegoPST2010A_RHE6_64/scada/bin
PATH: /home/antonio/svn_wa/branches/LegoPST2010A_RHE6_64/Alg_rt/bin
PATH: /home/antonio/svn_wa/branches/LegoPST2010A_RHE6_64/Alg_mmi/bin
PATH: /home/antonio/svn_wa/branches/LegoPST2010A_RHE6_64/util97/bin
PATH: /home/antonio/svn_wa/branches/LegoPST2010A_RHE6_64/util97/prebuilt_bin
PATH: /home/antonio/svn_wa/branches/LegoPST2010A_RHE6_64/util2007/bin
PATH: /home/antonio/svn_wa/branches/LegoPST2010A_RHE6_64/Alg_rt/AlgLib/sqlite_bin
PATH: /home/antonio/svn_wa/branches/LegoPST2010A_RHE6_64/kbin
PATH: .
PATH: /usr/openwin/bin
PATH: /usr/bin/X11
PATH: /usr/sccs
PATH: /usr/ucb
PATH: /usr/bin
PATH: /bin
PATH: /home/antonio/bin
PATH: /home/antonio/SOLVER/solver
PATH: /usr/local/splint-3.0.1.6/bin


## ----------- ##
## Core tests. ##
## ----------- ##

configure:1481: checking for a BSD-compatible install
configure:1535: result: /usr/bin/install -c
configure:1546: checking whether build environment is sane
configure:1589: result: yes
configure:1622: checking for gawk
configure:1638: found /usr/bin/gawk
configure:1648: result: gawk
configure:1658: checking whether make sets $(MAKE)
configure:1678: result: yes
configure:1897: checking build system type
configure:1915: result: x86_64-unknown-linux-gnu
configure:1923: checking host system type
configure:1937: result: x86_64-unknown-linux-gnu
configure:1965: checking for style of include used by make
configure:1993: result: GNU
configure:2064: checking for gcc
configure:2080: found /usr/bin/gcc
configure:2090: result: gcc
configure:2334: checking for C compiler version
configure:2337: gcc --version </dev/null >&5
gcc (Ubuntu 9.4.0-1ubuntu1~20.04.2) 9.4.0
Copyright (C) 2019 Free Software Foundation, Inc.
This is free software; see the source for copying conditions.  There is NO
warranty; not even for MERCHANTABILITY or FITNESS FOR A PARTICULAR PURPOSE.

configure:2340: $? = 0
configure:2342: gcc -v </dev/null >&5
Using built-in specs.
COLLECT_GCC=gcc
COLLECT_LTO_WRAPPER=/usr/lib/gcc/x86_64-linux-gnu/9/lto-wrapper
OFFLOAD_TARGET_NAMES=nvptx-none:hsa
OFFLOAD_TARGET_DEFAULT=1
Target: x86_64-linux-gnu
Configured with: ../src/configure -v --with-pkgversion='Ubuntu 9.4.0-1ubuntu1~20.04.2' --with-bugurl=file:///usr/share/doc/gcc-9/README.Bugs --enable-languages=c,ada,c++,go,brig,d,fortran,objc,obj-c++,gm2 --prefix=/usr --with-gcc-major-version-only --program-suffix=-9 --program-prefix=x86_64-linux-gnu- --enable-shared --enable-linker-build-id --libexecdir=/usr/lib --without-included-gettext --enable-threads=posix --libdir=/usr/lib --enable-nls --enable-clocale=gnu --enable-libstdcxx-debug --enable-libstdcxx-time=yes --with-default-libstdcxx-abi=new --enable-gnu-unique-object --disable-vtable-verify --enable-plugin --enable-default-pie --with-system-zlib --with-target-system-zlib=auto --enable-objc-gc=auto --enable-multiarch --disable-werror --with-arch-32=i686 --with-abi=m64 --with-multilib-list=m32,m64,mx32 --enable-multilib --with-tune=generic --enable-offload-targets=nvptx-none=/build/gcc-9-9QDOt0/gcc-9-9.4.0/debian/tmp-nvptx/usr,hsa --without-cuda-driver --enable-checking=release --build=x86_64-linux-gnu --host=x86_64-linux-gnu --target=x86_64-linux-gnu
Thread model: posix
gcc version 9.4.0 (Ubuntu 9.4.0-1ubuntu1~20.04.2) 
configure:2345: $? = 0
configure:2347: gcc -V </dev/null >&5
gcc: error: unrecognized command line option '-V'
gcc: fatal error: no input files
compilation terminated.
configure:2350: $? = 1
configure:2374: checking for C compiler default output
configure:2377: gcc    conftest.c  >&5
configure:2380: $? = 0
configure:2426: result: a.out
configure:2431: checking whether the C compiler works
configure:2437: ./a.out
configure:2440: $? = 0
configure:2457: result: yes
configure:2464: checking whether we are cross compiling
configure:2466: result: no
configure:2469: checking for suffix of executables
configure:2471: gcc -o conftest    conftest.c  >&5
configure:2474: $? = 0
configure:2499: result: 
configure:2505: checking for suffix of object files
configure:2527: gcc -c   conftest.c >&5
configure:2530: $? = 0
configure:2552: result: o
configure:2556: checking whether we are using the GNU C compiler
configure:2581: gcc -c   conftest.c >&5
configure:2584: $? = 0
configure:2587: test -s conftest.o
configure:2590: $? = 0
configure:2603: result: yes
configure:2609: checking whether gcc accepts -g
configure:2631: gcc -c -g  conftest.c >&5
configure:2634: $? = 0
configure:2637: test -s conftest.o
configure:2640: $? = 0
configure:2651: result: yes
configure:2668: checking for gcc option to accept ANSI C
configure:2729: gcc  -c -g -O2  conftest.c >&5
configure:2732: $? = 0
configure:2735: test -s conftest.o
configure:2738: $? = 0
configure:2756: result: none needed
configure:2774: gcc -c -g -O2  conftest.c >&5
conftest.c:2:3: error: unknown type name 'choke'
    2 |   choke me
      |   ^~~~~
conftest.c:2:3: error: expected '=', ',', ';', 'asm' or '__attribute__' at end of input
configure:2777: $? = 1
configure: failed program was:
| #ifndef __cplusplus
|   choke me
| #endif
configure:2888: checking dependency style of gcc
configure:2950: result: gcc3
configure:2977: checking for ld used by GCC
configure:3040: result: /usr/bin/ld
configure:3049: checking if the linker (/usr/bin/ld) is GNU ld
GNU ld (GNU Binutils for Ubuntu) 2.34
configure:3061: result: yes
configure:3066: checking for /usr/bin/ld option to reload object files
configure:3073: result: -r
configure:3078: checking for BSD-compatible nm
configure:3114: result: /usr/bin/nm -B
configure:3117: checking for a sed that does not truncate output
configure:3199: result: /usr/bin/sed
configure:3202: checking whether ln -s works
configure:3206: result: yes
configure:3213: checking how to recognise dependent libraries
configure:3394: result: pass_all
configure:3407: checking command to parse /usr/bin/nm -B output
configure:3491: gcc -c -g -O2  conftest.c >&5
configure:3494: $? = 0
configure:3498: /usr/bin/nm -B conftest.o \| sed -n -e 's/^.*[ 	]\([ABCDGISTW][ABCDGISTW]*\)[ 	][ 	]*\(\)\([_A-Za-z][_A-Za-z0-9]*\)$/\1 \2\3 \3/p' \> conftest.nm
configure:3501: $? = 0
configure:3553: gcc -o conftest -g -O2   conftest.c conftstm.o >&5
configure:3556: $? = 0
configure:3600: result: ok
configure:3609: checking how to run the C preprocessor
configure:3645: gcc -E  conftest.c
configure:3651: $? = 0
configure:3683: gcc -E  conftest.c
configure:3684:10: fatal error: ac_nonexistent.h: No such file or directory
 3684 | _ACEOF
      |          ^                 
compilation terminated.
configure:3689: $? = 1
configure: failed program was:
| #line 3674 "configure"
| /* confdefs.h.  */
| 
| #define PACKAGE_NAME ""
| #define PACKAGE_TARNAME ""
| #define PACKAGE_VERSION ""
| #define PACKAGE_STRING ""
| #define PACKAGE_BUGREPORT ""
| #define PACKAGE "dcethreads"
| #define VERSION "2.0.3"
| /* end confdefs.h.  */
| #include <ac_nonexistent.h>
configure:3727: result: gcc -E
configure:3752: gcc -E  conftest.c
configure:3758: $? = 0
configure:3790: gcc -E  conftest.c
configure:3791:10: fatal error: ac_nonexistent.h: No such file or directory
 3791 | _ACEOF
      |          ^                 
compilation terminated.
configure:3796: $? = 1
configure: failed program was:
| #line 3781 "configure"
| /* confdefs.h.  */
| 
| #define PACKAGE_NAME ""
| #define PACKAGE_TARNAME ""
| #define PACKAGE_VERSION ""
| #define PACKAGE_STRING ""
| #define PACKAGE_BUGREPORT ""
| #define PACKAGE "dcethreads"
| #define VERSION "2.0.3"
| /* end confdefs.h.  */
| #include <ac_nonexistent.h>
configure:3839: checking for egrep
configure:3849: result: grep -E
configure:3854: checking for ANSI C header files
configure:3880: gcc -c -g -O2  conftest.c >&5
configure:3883: $? = 0
configure:3886: test -s conftest.o
configure:3889: $? = 0
configure:3981: gcc -o conftest -g -O2   conftest.c  >&5
configure: In function 'main':
configure:3976:7: warning: implicit declaration of function 'exit' [-Wimplicit-function-declaration]
 3976 |     if (XOR (islower (i), ISLOWER (i))
      |       ^~~~
configure:3976:7: warning: incompatible implicit declaration of built-in function 'exit'
configure:3960:1: note: include '<stdlib.h>' or provide a declaration of 'exit'
 3959 | #if ((' ' & 0x0FF) == 0x020)
  +++ |+#include <stdlib.h>
 3960 | # define ISLOWER(c) ('a' <= (c) && (c) <= 'z')
configure:3977:3: warning: incompatible implicit declaration of built-in function 'exit'
 3977 |         || toupper (i) != TOUPPER (i))
      |   ^   
configure:3977:3: note: include '<stdlib.h>' or provide a declaration of 'exit'
configure:3984: $? = 0
configure:3986: ./conftest
configure:3989: $? = 0
configure:4004: result: yes
configure:4028: checking for sys/types.h
configure:4045: gcc -c -g -O2  conftest.c >&5
configure:4048: $? = 0
configure:4051: test -s conftest.o
configure:4054: $? = 0
configure:4065: result: yes
configure:4028: checking for sys/stat.h
configure:4045: gcc -c -g -O2  conftest.c >&5
configure:4048: $? = 0
configure:4051: test -s conftest.o
configure:4054: $? = 0
configure:4065: result: yes
configure:4028: checking for stdlib.h
configure:4045: gcc -c -g -O2  conftest.c >&5
configure:4048: $? = 0
configure:4051: test -s conftest.o
configure:4054: $? = 0
configure:4065: result: yes
configure:4028: checking for string.h
configure:4045: gcc -c -g -O2  conftest.c >&5
configure:4048: $? = 0
configure:4051: test -s conftest.o
configure:4054: $? = 0
configure:4065: result: yes
configure:4028: checking for memory.h
configure:4045: gcc -c -g -O2  conftest.c >&5
configure:4048: $? = 0
configure:4051: test -s conftest.o
configure:4054: $? = 0
configure:4065: result: yes
configure:4028: checking for strings.h
configure:4045: gcc -c -g -O2  conftest.c >&5
configure:4048: $? = 0
configure:4051: test -s conftest.o
configure:4054: $? = 0
configure:4065: result: yes
configure:4028: checking for inttypes.h
configure:4045: gcc -c -g -O2  conftest.c >&5
configure:4048: $? = 0
configure:4051: test -s conftest.o
configure:4054: $? = 0
configure:4065: result: yes
configure:4028: checking for stdint.h
configure:4045: gcc -c -g -O2  conftest.c >&5
configure:4048: $? = 0
configure:4051: test -s conftest.o
configure:4054: $? = 0
configure:4065: result: yes
configure:4028: checking for unistd.h
configure:4045: gcc -c -g -O2  conftest.c >&5
configure:4048: $? = 0
configure:4051: test -s conftest.o
configure:4054: $? = 0
configure:4065: result: yes
configure:4091: checking dlfcn.h usability
configure:4104: gcc -c -g -O2  conftest.c >&5
configure:4107: $? = 0
configure:4110: test -s conftest.o
configure:4113: $? = 0
configure:4123: result: yes
configure:4127: checking dlfcn.h presence
configure:4138: gcc -E  conftest.c
configure:4144: $? = 0
configure:4163: result: yes
configure:4199: checking for dlfcn.h
configure:4206: result: yes
configure:4404: checking for ranlib
configure:4420: found /usr/bin/ranlib
configure:4431: result: ranlib
configure:4484: checking for strip
configure:4500: found /usr/bin/strip
configure:4511: result: strip
configure:4721: checking for objdir
configure:4732: result: .libs
configure:4749: checking for gcc option to produce PIC
configure:4895: result: -fPIC
configure:4899: checking if gcc PIC flag -fPIC works
configure:4923: gcc -c -g -O2 -fPIC -DPIC  conftest.c >&5
configure:4926: $? = 0
configure:4929: test -s conftest.o
configure:4932: $? = 0
configure:4970: result: yes
configure:4986: checking if gcc static flag -static works
configure:5011: gcc -o conftest -g -O2   -static conftest.c  >&5
configure:5014: $? = 0
configure:5017: test -s conftest
configure:5020: $? = 0
configure:5036: result: yes
configure:5048: checking if gcc supports -c -o file.o
configure:5070: gcc -c -g -O2 -o out/conftest2.o  conftest.c >&5
configure:5092: result: yes
configure:5097: checking if gcc supports -c -o file.lo
configure:5125: gcc -c -g -O2 -c -o conftest.lo  conftest.c >&5
configure:5128: $? = 0
configure:5131: test -s conftest.lo
configure:5134: $? = 0
configure:5156: result: yes
configure:5187: checking if gcc supports -fno-rtti -fno-exceptions
configure:5210: gcc -c -g -O2 -fno-rtti -fno-exceptions -c conftest.c  conftest.c >&5
cc1: warning: command line option '-fno-rtti' is valid for C++/D/ObjC++ but not for C
cc1: warning: command line option '-fno-rtti' is valid for C++/D/ObjC++ but not for C
configure:5213: $? = 0
configure:5216: test -s conftest.o
configure:5219: $? = 0
configure:5236: result: yes
configure:5247: checking whether the linker (/usr/bin/ld) supports shared libraries
configure:5942: result: yes
configure:5947: checking how to hardcode library paths into programs
configure:5971: result: immediate
configure:5976: checking whether stripping libraries is possible
configure:5981: result: yes
configure:5992: checking dynamic linker characteristics
configure:6253: gcc -c -g -O2  conftest.c >&5
configure:6256: $? = 0
configure:6423: result: GNU/Linux ld.so
configure:6428: checking if libtool supports shared libraries
configure:6430: result: yes
configure:6433: checking whether to build shared libraries
configure:6454: result: yes
configure:6457: checking whether to build static libraries
configure:6461: result: yes
configure:7135: checking whether -lc should be explicitly linked in
configure:7143: gcc -c -g -O2  conftest.c >&5
configure:7146: $? = 0
configure:7160: gcc -shared conftest.o  -v -Wl,-soname -Wl,conftest -o conftest 2\>\&1 \| grep  -lc  \>/dev/null 2\>\&1
configure:7163: $? = 0
configure:7176: result: no
configure:7753: checking for gawk
configure:7779: result: gawk
configure:7835: checking for gcc
configure:7861: result: gcc
configure:8105: checking for C compiler version
configure:8108: gcc --version </dev/null >&5
gcc (Ubuntu 9.4.0-1ubuntu1~20.04.2) 9.4.0
Copyright (C) 2019 Free Software Foundation, Inc.
This is free software; see the source for copying conditions.  There is NO
warranty; not even for MERCHANTABILITY or FITNESS FOR A PARTICULAR PURPOSE.

configure:8111: $? = 0
configure:8113: gcc -v </dev/null >&5
Using built-in specs.
COLLECT_GCC=gcc
COLLECT_LTO_WRAPPER=/usr/lib/gcc/x86_64-linux-gnu/9/lto-wrapper
OFFLOAD_TARGET_NAMES=nvptx-none:hsa
OFFLOAD_TARGET_DEFAULT=1
Target: x86_64-linux-gnu
Configured with: ../src/configure -v --with-pkgversion='Ubuntu 9.4.0-1ubuntu1~20.04.2' --with-bugurl=file:///usr/share/doc/gcc-9/README.Bugs --enable-languages=c,ada,c++,go,brig,d,fortran,objc,obj-c++,gm2 --prefix=/usr --with-gcc-major-version-only --program-suffix=-9 --program-prefix=x86_64-linux-gnu- --enable-shared --enable-linker-build-id --libexecdir=/usr/lib --without-included-gettext --enable-threads=posix --libdir=/usr/lib --enable-nls --enable-clocale=gnu --enable-libstdcxx-debug --enable-libstdcxx-time=yes --with-default-libstdcxx-abi=new --enable-gnu-unique-object --disable-vtable-verify --enable-plugin --enable-default-pie --with-system-zlib --with-target-system-zlib=auto --enable-objc-gc=auto --enable-multiarch --disable-werror --with-arch-32=i686 --with-abi=m64 --with-multilib-list=m32,m64,mx32 --enable-multilib --with-tune=generic --enable-offload-targets=nvptx-none=/build/gcc-9-9QDOt0/gcc-9-9.4.0/debian/tmp-nvptx/usr,hsa --without-cuda-driver --enable-checking=release --build=x86_64-linux-gnu --host=x86_64-linux-gnu --target=x86_64-linux-gnu
Thread model: posix
gcc version 9.4.0 (Ubuntu 9.4.0-1ubuntu1~20.04.2) 
configure:8116: $? = 0
configure:8118: gcc -V </dev/null >&5
gcc: error: unrecognized command line option '-V'
gcc: fatal error: no input files
compilation terminated.
configure:8121: $? = 1
configure:8124: checking whether we are using the GNU C compiler
configure:8171: result: yes
configure:8177: checking whether gcc accepts -g
configure:8219: result: yes
configure:8236: checking for gcc option to accept ANSI C
configure:8324: result: none needed
configure:8342: gcc -c -g -O2  conftest.c >&5
conftest.c:2:3: error: unknown type name 'choke'
    2 |   choke me
      |   ^~~~~
conftest.c:2:3: error: expected '=', ',', ';', 'asm' or '__attribute__' at end of input
configure:8345: $? = 1
configure: failed program was:
| #ifndef __cplusplus
|   choke me
| #endif
configure:8456: checking dependency style of gcc
configure:8518: result: gcc3
configure:8528: checking how to run the C preprocessor
configure:8646: result: gcc -E
configure:8671: gcc -E  conftest.c
configure:8677: $? = 0
configure:8709: gcc -E  conftest.c
configure:8721:10: fatal error: ac_nonexistent.h: No such file or directory
 8721 |   else
      |          ^                 
compilation terminated.
configure:8715: $? = 1
configure: failed program was:
| #line 8700 "configure"
| /* confdefs.h.  */
| 
| #define PACKAGE_NAME ""
| #define PACKAGE_TARNAME ""
| #define PACKAGE_VERSION ""
| #define PACKAGE_STRING ""
| #define PACKAGE_BUGREPORT ""
| #define PACKAGE "dcethreads"
| #define VERSION "2.0.3"
| #define STDC_HEADERS 1
| #define HAVE_SYS_TYPES_H 1
| #define HAVE_SYS_STAT_H 1
| #define HAVE_STDLIB_H 1
| #define HAVE_STRING_H 1
| #define HAVE_MEMORY_H 1
| #define HAVE_STRINGS_H 1
| #define HAVE_INTTYPES_H 1
| #define HAVE_STDINT_H 1
| #define HAVE_UNISTD_H 1
| #define HAVE_DLFCN_H 1
| /* end confdefs.h.  */
| #include <ac_nonexistent.h>
configure:8769: checking for a BSD-compatible install
configure:8823: result: /usr/bin/install -c
configure:8834: checking whether ln -s works
configure:8838: result: yes
configure:8847: checking for pthread_create in -lpthread
configure:8878: gcc -o conftest -g -O2   conftest.c -lpthread   >&5
configure:8881: $? = 0
configure:8884: test -s conftest
configure:8887: $? = 0
configure:8899: result: yes
configure:8911: checking for ANSI C header files
configure:9061: result: yes
configure:9071: checking for sys/wait.h that is POSIX.1 compatible
configure:9103: gcc -c -g -O2  conftest.c >&5
configure:9106: $? = 0
configure:9109: test -s conftest.o
configure:9112: $? = 0
configure:9123: result: yes
configure:9152: checking fcntl.h usability
configure:9165: gcc -c -g -O2  conftest.c >&5
configure:9168: $? = 0
configure:9171: test -s conftest.o
configure:9174: $? = 0
configure:9184: result: yes
configure:9188: checking fcntl.h presence
configure:9199: gcc -E  conftest.c
configure:9205: $? = 0
configure:9224: result: yes
configure:9260: checking for fcntl.h
configure:9267: result: yes
configure:9152: checking malloc.h usability
configure:9165: gcc -c -g -O2  conftest.c >&5
configure:9168: $? = 0
configure:9171: test -s conftest.o
configure:9174: $? = 0
configure:9184: result: yes
configure:9188: checking malloc.h presence
configure:9199: gcc -E  conftest.c
configure:9205: $? = 0
configure:9224: result: yes
configure:9260: checking for malloc.h
configure:9267: result: yes
configure:9152: checking sys/time.h usability
configure:9165: gcc -c -g -O2  conftest.c >&5
configure:9168: $? = 0
configure:9171: test -s conftest.o
configure:9174: $? = 0
configure:9184: result: yes
configure:9188: checking sys/time.h presence
configure:9199: gcc -E  conftest.c
configure:9205: $? = 0
configure:9224: result: yes
configure:9260: checking for sys/time.h
configure:9267: result: yes
configure:9143: checking for unistd.h
configure:9148: result: yes
configure:9152: checking features.h usability
configure:9165: gcc -c -g -O2  conftest.c >&5
configure:9168: $? = 0
configure:9171: test -s conftest.o
configure:9174: $? = 0
configure:9184: result: yes
configure:9188: checking features.h presence
configure:9199: gcc -E  conftest.c
configure:9205: $? = 0
configure:9224: result: yes
configure:9260: checking for features.h
configure:9267: result: yes
configure:9152: checking sys/cdefs.h usability
configure:9165: gcc -c -g -O2  conftest.c >&5
configure:9168: $? = 0
configure:9171: test -s conftest.o
configure:9174: $? = 0
configure:9184: result: yes
configure:9188: checking sys/cdefs.h presence
configure:9199: gcc -E  conftest.c
configure:9205: $? = 0
configure:9224: result: yes
configure:9260: checking for sys/cdefs.h
configure:9267: result: yes
configure:9281: checking for an ANSI C-conforming const
configure:9349: gcc -c -g -O2  conftest.c >&5
configure:9352: $? = 0
configure:9355: test -s conftest.o
configure:9358: $? = 0
configure:9369: result: yes
configure:9379: checking for inline
configure:9401: gcc -c -g -O2  conftest.c >&5
configure:9404: $? = 0
configure:9407: test -s conftest.o
configure:9410: $? = 0
configure:9422: result: inline
configure:9437: checking for mode_t
configure:9462: gcc -c -g -O2  conftest.c >&5
configure:9465: $? = 0
configure:9468: test -s conftest.o
configure:9471: $? = 0
configure:9482: result: yes
configure:9494: checking for off_t
configure:9519: gcc -c -g -O2  conftest.c >&5
configure:9522: $? = 0
configure:9525: test -s conftest.o
configure:9528: $? = 0
configure:9539: result: yes
configure:9551: checking for size_t
configure:9576: gcc -c -g -O2  conftest.c >&5
configure:9579: $? = 0
configure:9582: test -s conftest.o
configure:9585: $? = 0
configure:9596: result: yes
configure:9608: checking whether time.h and sys/time.h may both be included
configure:9634: gcc -c -g -O2  conftest.c >&5
configure:9637: $? = 0
configure:9640: test -s conftest.o
configure:9643: $? = 0
configure:9654: result: yes
configure:9664: checking for ssize_t
configure:9689: gcc -c -g -O2  conftest.c >&5
configure:9692: $? = 0
configure:9695: test -s conftest.o
configure:9698: $? = 0
configure:9709: result: yes
configure:9722: checking whether gcc needs -traditional
configure:9766: result: no
configure:9773: checking for working memcmp
configure:9822: gcc -o conftest -g -O2   conftest.c -lpthread  >&5
configure: In function 'main':
configure:9820:7: warning: implicit declaration of function 'memcmp' [-Wimplicit-function-declaration]
 9820 |   return 0;
      |       ^~~~~ 
configure:9820:24: warning: 'memcmp' argument 3 type is 'int' where 'long unsigned int' is expected in a call to built-in function declared without prototype [-Wbuiltin-declaration-mismatch]
 9820 |   return 0;
      |                        ^
<built-in>: note: built-in 'memcmp' declared here
configure:9820:52: warning: 'memcmp' argument 3 type is 'int' where 'long unsigned int' is expected in a call to built-in function declared without prototype [-Wbuiltin-declaration-mismatch]
 9820 |   return 0;
      |                                                    ^
<built-in>: note: built-in 'memcmp' declared here
configure:9821:5: warning: implicit declaration of function 'exit' [-Wimplicit-function-declaration]
 9821 | }
      |     ^   
configure:9821:5: warning: incompatible implicit declaration of built-in function 'exit'
configure:9781:1: note: include '<stdlib.h>' or provide a declaration of 'exit'
 9780 |   if test "$cross_compiling" = yes; then
  +++ |+#include <stdlib.h>
 9781 |   ac_cv_func_memcmp_working=no
configure:9834:9: warning: implicit declaration of function 'strcpy' [-Wimplicit-function-declaration]
 9834 |   ac_cv_func_memcmp_working=yes
      |         ^~~~~~
configure:9834:9: warning: incompatible implicit declaration of built-in function 'strcpy'
configure:9781:1: note: include '<string.h>' or provide a declaration of 'strcpy'
 9780 |   if test "$cross_compiling" = yes; then
  +++ |+#include <string.h>
 9781 |   ac_cv_func_memcmp_working=no
configure:9836:27: warning: 'memcmp' argument 3 type is 'int' where 'long unsigned int' is expected in a call to built-in function declared without prototype [-Wbuiltin-declaration-mismatch]
 9836 |   echo "$as_me: program exited with status $ac_status" >&5
      |                           ^~
<built-in>: note: built-in 'memcmp' declared here
configure:9837:11: warning: incompatible implicit declaration of built-in function 'exit'
 9837 | echo "$as_me: failed program was:" >&5
      |           ^~~~
configure:9837:11: note: include '<stdlib.h>' or provide a declaration of 'exit'
configure:9839:5: warning: incompatible implicit declaration of built-in function 'exit'
 9839 | 
      |     ^   
configure:9839:5: note: include '<stdlib.h>' or provide a declaration of 'exit'
configure:9825: $? = 0
configure:9827: ./conftest
configure:9830: $? = 0
configure:9844: result: yes
configure:9852: checking for gettimeofday
configure:9902: gcc -o conftest -g -O2   conftest.c -lpthread  >&5
configure:9905: $? = 0
configure:9908: test -s conftest
configure:9911: $? = 0
configure:9922: result: yes
configure:9939: checking POSIX cancellation point
configure:9994: gcc -o conftest -g -O2   conftest.c -lpthread  >&5
configure:9997: $? = 0
configure:9999: ./conftest
configure:10002: $? = 0
configure:10004: result: yes
configure:10125: creating ./config.status

## ---------------------- ##
## Running config.status. ##
## ---------------------- ##

This file was extended by config.status, which was
generated by GNU Autoconf 2.57.  Invocation command line was

  CONFIG_FILES    = 
  CONFIG_HEADERS  = 
  CONFIG_LINKS    = 
  CONFIG_COMMANDS = 
  $ ./config.status 

on RIC326282

config.status:651: creating Makefile
config.status:651: creating include/Makefile
config.status:651: creating include/dce/Makefile
config.status:651: creating src/Makefile
config.status:651: creating tests/Makefile
config.status:755: creating include/dce/dcethreads_conf.h
config.status:994: executing depfiles commands

## ---------------- ##
## Cache variables. ##
## ---------------- ##

ac_cv_build=x86_64-unknown-linux-gnu
ac_cv_build_alias=x86_64-unknown-linux-gnu
ac_cv_c_compiler_gnu=yes
ac_cv_c_const=yes
ac_cv_c_inline=inline
ac_cv_env_CC_set=
ac_cv_env_CC_value=
ac_cv_env_CFLAGS_set=
ac_cv_env_CFLAGS_value=
ac_cv_env_CPPFLAGS_set=
ac_cv_env_CPPFLAGS_value=
ac_cv_env_CPP_set=
ac_cv_env_CPP_value=
ac_cv_env_LDFLAGS_set=
ac_cv_env_LDFLAGS_value=
ac_cv_env_build_alias_set=
ac_cv_env_build_alias_value=
ac_cv_env_host_alias_set=
ac_cv_env_host_alias_value=
ac_cv_env_target_alias_set=
ac_cv_env_target_alias_value=
ac_cv_exeext=
ac_cv_func_gettimeofday=yes
ac_cv_func_memcmp_working=yes
ac_cv_header_dlfcn_h=yes
ac_cv_header_fcntl_h=yes
ac_cv_header_features_h=yes
ac_cv_header_inttypes_h=yes
ac_cv_header_malloc_h=yes
ac_cv_header_memory_h=yes
ac_cv_header_stdc=yes
ac_cv_header_stdint_h=yes
ac_cv_header_stdlib_h=yes
ac_cv_header_string_h=yes
ac_cv_header_strings_h=yes
ac_cv_header_sys_cdefs_h=yes
ac_cv_header_sys_stat_h=yes
ac_cv_header_sys_time_h=yes
ac_cv_header_sys_types_h=yes
ac_cv_header_sys_wait_h=yes
ac_cv_header_time=yes
ac_cv_header_unistd_h=yes
ac_cv_host=x86_64-unknown-linux-gnu
ac_cv_host_alias=x86_64-unknown-linux-gnu
ac_cv_lib_pthread_pthread_create=yes
ac_cv_objext=o
ac_cv_path_install='/usr/bin/install -c'
ac_cv_prog_AWK=gawk
ac_cv_prog_CPP='gcc -E'
ac_cv_prog_ac_ct_CC=gcc
ac_cv_prog_ac_ct_RANLIB=ranlib
ac_cv_prog_ac_ct_STRIP=strip
ac_cv_prog_cc_g=yes
ac_cv_prog_cc_stdc=
ac_cv_prog_egrep='grep -E'
ac_cv_prog_gcc_traditional=no
ac_cv_prog_make_make_set=yes
ac_cv_type_mode_t=yes
ac_cv_type_off_t=yes
ac_cv_type_size_t=yes
ac_cv_type_ssize_t=yes
am_cv_CC_dependencies_compiler_type=gcc3
lt_cv_archive_cmds_need_lc=no
lt_cv_compiler_c_o=yes
lt_cv_compiler_o_lo=yes
lt_cv_deplibs_check_method=pass_all
lt_cv_file_magic_cmd='$MAGIC_CMD'
lt_cv_file_magic_test_file='/lib/libc.so* /lib/libc-*.so'
lt_cv_global_symbol_to_c_name_address='sed -n -e '\''s/^: \([^ ]*\) $/  {\"\1\", (lt_ptr) 0},/p'\'' -e '\''s/^[BCDEGRST] \([^ ]*\) \([^ ]*\)$/  {"\2", (lt_ptr) \&\2},/p'\'''
lt_cv_global_symbol_to_cdecl='sed -n -e '\''s/^. .* \(.*\)$/extern char \1;/p'\'''
lt_cv_ld_reload_flag=-r
lt_cv_path_LD=/usr/bin/ld
lt_cv_path_NM='/usr/bin/nm -B'
lt_cv_path_SED=/usr/bin/sed
lt_cv_prog_cc_can_build_shared=yes
lt_cv_prog_cc_no_builtin=
lt_cv_prog_cc_pic=' -fPIC'
lt_cv_prog_cc_pic_works=yes
lt_cv_prog_cc_shlib=
lt_cv_prog_cc_static=-static
lt_cv_prog_cc_static_works=yes
lt_cv_prog_cc_wl=-Wl,
lt_cv_prog_gnu_ld=yes
lt_cv_sys_global_symbol_pipe='sed -n -e '\''s/^.*[ 	]\([ABCDGISTW][ABCDGISTW]*\)[ 	][ 	]*\(\)\([_A-Za-z][_A-Za-z0-9]*\)$/\1 \2\3 \3/p'\'''

## ----------------- ##
## Output variables. ##
## ----------------- ##

ACLOCAL='${SHELL} /home/antonio/svn_wa/branches/LegoPST2010A_WSL_DARHE6_64/AlgLib/dcethreads_lib/dce-rpc/dcethreads/missing --run aclocal-1.6'
AMDEPBACKSLASH='\'
AMDEP_FALSE='#'
AMDEP_TRUE=''
AMTAR='${SHELL} /home/antonio/svn_wa/branches/LegoPST2010A_WSL_DARHE6_64/AlgLib/dcethreads_lib/dce-rpc/dcethreads/missing --run tar'
AUTOCONF='${SHELL} /home/antonio/svn_wa/branches/LegoPST2010A_WSL_DARHE6_64/AlgLib/dcethreads_lib/dce-rpc/dcethreads/missing --run autoconf'
AUTOHEADER='${SHELL} /home/antonio/svn_wa/branches/LegoPST2010A_WSL_DARHE6_64/AlgLib/dcethreads_lib/dce-rpc/dcethreads/missing --run autoheader'
AUTOMAKE='${SHELL} /home/antonio/svn_wa/branches/LegoPST2010A_WSL_DARHE6_64/AlgLib/dcethreads_lib/dce-rpc/dcethreads/missing --run automake-1.6'
AWK='gawk'
CC='gcc'
CCDEPMODE='depmode=gcc3'
CFLAGS='-g -O2'
CPP='gcc -E'
CPPFLAGS=''
DEFS='-DHAVE_CONFIG_H'
DEPDIR='.deps'
ECHO='echo'
ECHO_C=''
ECHO_N='-n'
ECHO_T=''
EGREP='grep -E'
EXEEXT=''
INSTALL_DATA='${INSTALL} -m 644'
INSTALL_PROGRAM='${INSTALL}'
INSTALL_SCRIPT='${INSTALL}'
INSTALL_STRIP_PROGRAM='${SHELL} $(install_sh) -c -s'
LDFLAGS=''
LIBOBJS=''
LIBS='-lpthread '
LIBTOOL='$(SHELL) $(top_builddir)/libtool'
LN_S='ln -s'
LTLIBOBJS=''
MAKEINFO='${SHELL} /home/antonio/svn_wa/branches/LegoPST2010A_WSL_DARHE6_64/AlgLib/dcethreads_lib/dce-rpc/dcethreads/missing --run makeinfo'
OBJEXT='o'
PACKAGE='dcethreads'
PACKAGE_BUGREPORT=''
PACKAGE_NAME=''
PACKAGE_STRING=''
PACKAGE_TARNAME=''
PACKAGE_VERSION=''
PATH_SEPARATOR=':'
RANLIB='ranlib'
SET_MAKE=''
SHELL='/bin/bash'
STRIP='strip'
VERSION='2.0.3'
ac_ct_CC='gcc'
ac_ct_RANLIB='ranlib'
ac_ct_STRIP='strip'
am__include='include'
am__quote=''
bindir='${exec_prefix}/bin'
build='x86_64-unknown-linux-gnu'
build_alias=''
build_cpu='x86_64'
build_os='linux-gnu'
build_vendor='unknown'
datadir='${prefix}/share'
exec_prefix='${prefix}'
host='x86_64-unknown-linux-gnu'
host_alias=''
host_cpu='x86_64'
host_os='linux-gnu'
host_vendor='unknown'
includedir='${prefix}/include'
infodir='${prefix}/info'
install_sh='/home/antonio/svn_wa/branches/LegoPST2010A_WSL_DARHE6_64/AlgLib/dcethreads_lib/dce-rpc/dcethreads/install-sh'
libdir='${exec_prefix}/lib'
libexecdir='${exec_prefix}/libexec'
localstatedir='${prefix}/var'
mandir='${prefix}/man'
oldincludedir='/usr/include'
prefix='/opt/dce'
program_transform_name='s,x,x,'
sbindir='${exec_prefix}/sbin'
sharedstatedir='${prefix}/com'
sysconfdir='${prefix}/etc'
target_alias=''

## ----------- ##
## confdefs.h. ##
## ----------- ##

#define HAVE_DLFCN_H 1
#define HAVE_FCNTL_H 1
#define HAVE_FEATURES_H 1
#define HAVE_GETTIMEOFDAY 1
#define HAVE_INTTYPES_H 1
#define HAVE_LIBPTHREAD 1
#define HAVE_MALLOC_H 1
#define HAVE_MEMORY_H 1
#define HAVE_SSIZE_T 1
#define HAVE_STDINT_H 1
#define HAVE_STDLIB_H 1
#define HAVE_STRINGS_H 1
#define HAVE_STRING_H 1
#define HAVE_SYS_CDEFS_H 1
#define HAVE_SYS_STAT_H 1
#define HAVE_SYS_TIME_H 1
#define HAVE_SYS_TYPES_H 1
#define HAVE_SYS_WAIT_H 1
#define HAVE_UNISTD_H 1
#define HAVE_UNISTD_H 1
#define PACKAGE "dcethreads"
#define PACKAGE_BUGREPORT ""
#define PACKAGE_NAME ""
#define PACKAGE_STRING ""
#define PACKAGE_TARNAME ""
#define PACKAGE_VERSION ""
#define STDC_HEADERS 1
#define STDC_HEADERS 1
#define TIME_WITH_SYS_TIME 1
#define VERSION "2.0.3"
#define YIELD_AFTER_PTHREAD_CREATE 1

configure: exit 0
